<?xml version="1.0" encoding="UTF-8"?>
<!-- Generated by org.testng.reporters.JUnitXMLReporter -->
<testsuite ignored="0" hostname="mohammad" failures="0" tests="4" name="Default test" time="34.458" errors="0" timestamp="2025-08-15T15:50:09 EET">
  <testcase classname="test.CreateAccoutTest1" name="testSubmitForm" time="8.497"/>
  <testcase classname="test.CreateAccoutTest1" name="testInvalidEmail" time="3.44"/>
  <testcase classname="test.CreateAccoutTest1" name="testMismatchedPasswords" time="4.337"/>
  <testcase classname="test.CreateAccoutTest1" name="testPasswordShort" time="2.064"/>
</testsuite> <!-- Default test -->
