<?xml version="1.0" encoding="UTF-8"?>
<testng-results ignored="12" total="13" passed="1" failed="0" skipped="0">
  <reporter-output>
  </reporter-output>
  <suite started-at="2025-08-21T16:59:41 EET" name="Default suite" finished-at="2025-08-21T17:00:53 EET" duration-ms="71821">
    <groups>
    </groups>
    <test started-at="2025-08-21T16:59:41 EET" name="Default test" finished-at="2025-08-21T17:00:53 EET" duration-ms="71821">
      <class name="test.Tests">
        <test-method is-config="true" signature="setup()[pri:0, instance:test.Tests@2aceadd4]" started-at="2025-08-21T16:59:41 EET" name="setup" finished-at="2025-08-21T16:59:59 EET" duration-ms="18105" status="PASS">
          <reporter-output>
          </reporter-output>
        </test-method> <!-- setup -->
        <test-method signature="ProceedingToCheckout()[pri:13, instance:test.Tests@2aceadd4]" started-at="2025-08-21T16:59:59 EET" name="ProceedingToCheckout" finished-at="2025-08-21T17:00:53 EET" duration-ms="53678" status="PASS">
          <reporter-output>
          </reporter-output>
        </test-method> <!-- ProceedingToCheckout -->
      </class> <!-- test.Tests -->
    </test> <!-- Default test -->
  </suite> <!-- Default suite -->
</testng-results>
